<?xml version="1.0" encoding="UTF-8"?>
<coverage generated="1556809341805" clover="3.2.0">
  <project timestamp="1556809341805" name="All files">
    <metrics statements="44" coveredstatements="30" conditionals="34" coveredconditionals="18" methods="6" coveredmethods="5" elements="84" coveredelements="53" complexity="0" loc="44" ncloc="44" packages="1" files="1" classes="1"/>
    <file name="index.js" path="/Users/heleneniassy/Documents/morpion/src/index.js">
      <metrics statements="44" coveredstatements="30" conditionals="34" coveredconditionals="18" methods="6" coveredmethods="5"/>
      <line num="2" count="2" type="stmt"/>
      <line num="7" count="2" type="stmt"/>
      <line num="11" count="0" type="cond" truecount="0" falsecount="2"/>
      <line num="13" count="0" type="cond" truecount="0" falsecount="4"/>
      <line num="14" count="0" type="stmt"/>
      <line num="15" count="0" type="stmt"/>
      <line num="19" count="2" type="stmt"/>
      <line num="21" count="2" type="stmt"/>
      <line num="22" count="6" type="stmt"/>
      <line num="23" count="6" type="stmt"/>
      <line num="24" count="18" type="cond" truecount="2" falsecount="0"/>
      <line num="25" count="6" type="stmt"/>
      <line num="28" count="6" type="cond" truecount="1" falsecount="1"/>
      <line num="29" count="0" type="stmt"/>
      <line num="32" count="2" type="stmt"/>
      <line num="35" count="2" type="cond" truecount="3" falsecount="2"/>
      <line num="36" count="0" type="stmt"/>
      <line num="37" count="2" type="cond" truecount="2" falsecount="3"/>
      <line num="38" count="0" type="stmt"/>
      <line num="43" count="2" type="stmt"/>
      <line num="44" count="2" type="stmt"/>
      <line num="45" count="6" type="stmt"/>
      <line num="46" count="6" type="cond" truecount="4" falsecount="0"/>
      <line num="47" count="2" type="stmt"/>
      <line num="48" count="2" type="stmt"/>
      <line num="49" count="2" type="stmt"/>
      <line num="50" count="4" type="cond" truecount="3" falsecount="1"/>
      <line num="51" count="4" type="stmt"/>
      <line num="52" count="4" type="stmt"/>
      <line num="54" count="0" type="stmt"/>
      <line num="57" count="2" type="stmt"/>
      <line num="60" count="1" type="stmt"/>
      <line num="61" count="1" type="stmt"/>
      <line num="62" count="1" type="stmt"/>
      <line num="66" count="1" type="cond" truecount="1" falsecount="1"/>
      <line num="67" count="0" type="stmt"/>
      <line num="68" count="0" type="stmt"/>
      <line num="71" count="1" type="cond" truecount="1" falsecount="1"/>
      <line num="72" count="0" type="stmt"/>
      <line num="73" count="0" type="stmt"/>
      <line num="75" count="1" type="cond" truecount="1" falsecount="1"/>
      <line num="76" count="0" type="stmt"/>
      <line num="77" count="0" type="stmt"/>
      <line num="81" count="1" type="stmt"/>
    </file>
  </project>
</coverage>
