{"/Users/heleneniassy/Documents/morpion/src/index.js": {"path":"/Users/heleneniassy/Documents/morpion/src/index.js","statementMap":{"0":{"start":{"line":2,"column":13},"end":{"line":6,"column":3}},"1":{"start":{"line":7,"column":2},"end":{"line":7,"column":14}},"2":{"start":{"line":11,"column":16},"end":{"line":11,"column":34}},"3":{"start":{"line":13,"column":4},"end":{"line":13,"column":67}},"4":{"start":{"line":14,"column":2},"end":{"line":14,"column":33}},"5":{"start":{"line":15,"column":2},"end":{"line":15,"column":15}},"6":{"start":{"line":19,"column":14},"end":{"line":19,"column":15}},"7":{"start":{"line":21,"column":2},"end":{"line":31,"column":3}},"8":{"start":{"line":21,"column":15},"end":{"line":21,"column":16}},"9":{"start":{"line":22,"column":4},"end":{"line":22,"column":14}},"10":{"start":{"line":23,"column":4},"end":{"line":27,"column":5}},"11":{"start":{"line":23,"column":17},"end":{"line":23,"column":18}},"12":{"start":{"line":24,"column":6},"end":{"line":26,"column":7}},"13":{"start":{"line":25,"column":8},"end":{"line":25,"column":19}},"14":{"start":{"line":28,"column":4},"end":{"line":30,"column":5}},"15":{"start":{"line":29,"column":6},"end":{"line":29,"column":18}},"16":{"start":{"line":32,"column":2},"end":{"line":32,"column":15}},"17":{"start":{"line":35,"column":2},"end":{"line":39,"column":3}},"18":{"start":{"line":36,"column":4},"end":{"line":36,"column":16}},"19":{"start":{"line":37,"column":9},"end":{"line":39,"column":3}},"20":{"start":{"line":38,"column":4},"end":{"line":38,"column":16}},"21":{"start":{"line":43,"column":14},"end":{"line":43,"column":15}},"22":{"start":{"line":44,"column":2},"end":{"line":56,"column":3}},"23":{"start":{"line":44,"column":15},"end":{"line":44,"column":16}},"24":{"start":{"line":45,"column":4},"end":{"line":55,"column":5}},"25":{"start":{"line":45,"column":17},"end":{"line":45,"column":18}},"26":{"start":{"line":46,"column":6},"end":{"line":53,"column":7}},"27":{"start":{"line":47,"column":8},"end":{"line":47,"column":16}},"28":{"start":{"line":48,"column":8},"end":{"line":48,"column":26}},"29":{"start":{"line":49,"column":8},"end":{"line":49,"column":14}},"30":{"start":{"line":50,"column":13},"end":{"line":53,"column":7}},"31":{"start":{"line":51,"column":8},"end":{"line":51,"column":16}},"32":{"start":{"line":52,"column":8},"end":{"line":52,"column":14}},"33":{"start":{"line":54,"column":6},"end":{"line":54,"column":18}},"34":{"start":{"line":57,"column":2},"end":{"line":57,"column":15}},"35":{"start":{"line":60,"column":19},"end":{"line":60,"column":50}},"36":{"start":{"line":61,"column":17},"end":{"line":61,"column":47}},"37":{"start":{"line":62,"column":17},"end":{"line":62,"column":47}},"38":{"start":{"line":63,"column":2},"end":{"line":65,"column":3}},"39":{"start":{"line":64,"column":4},"end":{"line":64,"column":35}},"40":{"start":{"line":66,"column":2},"end":{"line":68,"column":3}},"41":{"start":{"line":67,"column":4},"end":{"line":67,"column":35}},"42":{"start":{"line":69,"column":2},"end":{"line":73,"column":3}},"43":{"start":{"line":70,"column":4},"end":{"line":70,"column":35}},"44":{"start":{"line":72,"column":4},"end":{"line":72,"column":35}},"45":{"start":{"line":77,"column":16},"end":{"line":77,"column":34}},"46":{"start":{"line":78,"column":14},"end":{"line":78,"column":55}},"47":{"start":{"line":79,"column":17},"end":{"line":79,"column":58}},"48":{"start":{"line":81,"column":2},"end":{"line":85,"column":3}},"49":{"start":{"line":82,"column":4},"end":{"line":82,"column":37}},"50":{"start":{"line":83,"column":9},"end":{"line":85,"column":3}},"51":{"start":{"line":84,"column":4},"end":{"line":84,"column":37}},"52":{"start":{"line":87,"column":2},"end":{"line":87,"column":47}},"53":{"start":{"line":91,"column":0},"end":{"line":91,"column":96}},"54":{"start":{"line":91,"column":82},"end":{"line":91,"column":85}}},"fnMap":{"0":{"name":"generateBoard","decl":{"start":{"line":1,"column":16},"end":{"line":1,"column":29}},"loc":{"start":{"line":1,"column":32},"end":{"line":8,"column":1}},"line":1},"1":{"name":"playAPawn","decl":{"start":{"line":10,"column":16},"end":{"line":10,"column":25}},"loc":{"start":{"line":10,"column":54},"end":{"line":16,"column":1}},"line":10},"2":{"name":"winningHorizonal","decl":{"start":{"line":18,"column":16},"end":{"line":18,"column":32}},"loc":{"start":{"line":18,"column":48},"end":{"line":33,"column":1}},"line":18},"3":{"name":"winningDiagonal","decl":{"start":{"line":34,"column":16},"end":{"line":34,"column":31}},"loc":{"start":{"line":34,"column":47},"end":{"line":40,"column":1}},"line":34},"4":{"name":"winningVertical","decl":{"start":{"line":41,"column":16},"end":{"line":41,"column":31}},"loc":{"start":{"line":41,"column":47},"end":{"line":58,"column":1}},"line":41},"5":{"name":"winningGame","decl":{"start":{"line":59,"column":16},"end":{"line":59,"column":27}},"loc":{"start":{"line":59,"column":43},"end":{"line":74,"column":1}},"line":59},"6":{"name":"aiPlayAPawn","decl":{"start":{"line":76,"column":16},"end":{"line":76,"column":27}},"loc":{"start":{"line":76,"column":62},"end":{"line":89,"column":1}},"line":76},"7":{"name":"(anonymous_7)","decl":{"start":{"line":91,"column":76},"end":{"line":91,"column":77}},"loc":{"start":{"line":91,"column":82},"end":{"line":91,"column":85}},"line":91}},"branchMap":{"0":{"loc":{"start":{"line":11,"column":16},"end":{"line":11,"column":34}},"type":"cond-expr","locations":[{"start":{"line":11,"column":25},"end":{"line":11,"column":28}},{"start":{"line":11,"column":31},"end":{"line":11,"column":34}}],"line":11},"1":{"loc":{"start":{"line":13,"column":4},"end":{"line":13,"column":67}},"type":"cond-expr","locations":[{"start":{"line":13,"column":31},"end":{"line":13,"column":36}},{"start":{"line":13,"column":39},"end":{"line":13,"column":67}}],"line":13},"2":{"loc":{"start":{"line":13,"column":39},"end":{"line":13,"column":67}},"type":"cond-expr","locations":[{"start":{"line":13,"column":58},"end":{"line":13,"column":61}},{"start":{"line":13,"column":64},"end":{"line":13,"column":67}}],"line":13},"3":{"loc":{"start":{"line":24,"column":6},"end":{"line":26,"column":7}},"type":"if","locations":[{"start":{"line":24,"column":6},"end":{"line":26,"column":7}},{"start":{"line":24,"column":6},"end":{"line":26,"column":7}}],"line":24},"4":{"loc":{"start":{"line":28,"column":4},"end":{"line":30,"column":5}},"type":"if","locations":[{"start":{"line":28,"column":4},"end":{"line":30,"column":5}},{"start":{"line":28,"column":4},"end":{"line":30,"column":5}}],"line":28},"5":{"loc":{"start":{"line":35,"column":2},"end":{"line":39,"column":3}},"type":"if","locations":[{"start":{"line":35,"column":2},"end":{"line":39,"column":3}},{"start":{"line":35,"column":2},"end":{"line":39,"column":3}}],"line":35},"6":{"loc":{"start":{"line":35,"column":6},"end":{"line":35,"column":69}},"type":"binary-expr","locations":[{"start":{"line":35,"column":6},"end":{"line":35,"column":28}},{"start":{"line":35,"column":32},"end":{"line":35,"column":54}},{"start":{"line":35,"column":58},"end":{"line":35,"column":69}}],"line":35},"7":{"loc":{"start":{"line":37,"column":9},"end":{"line":39,"column":3}},"type":"if","locations":[{"start":{"line":37,"column":9},"end":{"line":39,"column":3}},{"start":{"line":37,"column":9},"end":{"line":39,"column":3}}],"line":37},"8":{"loc":{"start":{"line":37,"column":13},"end":{"line":37,"column":76}},"type":"binary-expr","locations":[{"start":{"line":37,"column":13},"end":{"line":37,"column":35}},{"start":{"line":37,"column":39},"end":{"line":37,"column":61}},{"start":{"line":37,"column":65},"end":{"line":37,"column":76}}],"line":37},"9":{"loc":{"start":{"line":46,"column":6},"end":{"line":53,"column":7}},"type":"if","locations":[{"start":{"line":46,"column":6},"end":{"line":53,"column":7}},{"start":{"line":46,"column":6},"end":{"line":53,"column":7}}],"line":46},"10":{"loc":{"start":{"line":46,"column":10},"end":{"line":46,"column":47}},"type":"binary-expr","locations":[{"start":{"line":46,"column":10},"end":{"line":46,"column":32}},{"start":{"line":46,"column":36},"end":{"line":46,"column":47}}],"line":46},"11":{"loc":{"start":{"line":50,"column":13},"end":{"line":53,"column":7}},"type":"if","locations":[{"start":{"line":50,"column":13},"end":{"line":53,"column":7}},{"start":{"line":50,"column":13},"end":{"line":53,"column":7}}],"line":50},"12":{"loc":{"start":{"line":50,"column":17},"end":{"line":50,"column":44}},"type":"binary-expr","locations":[{"start":{"line":50,"column":17},"end":{"line":50,"column":26}},{"start":{"line":50,"column":30},"end":{"line":50,"column":44}}],"line":50},"13":{"loc":{"start":{"line":63,"column":2},"end":{"line":65,"column":3}},"type":"if","locations":[{"start":{"line":63,"column":2},"end":{"line":65,"column":3}},{"start":{"line":63,"column":2},"end":{"line":65,"column":3}}],"line":63},"14":{"loc":{"start":{"line":66,"column":2},"end":{"line":68,"column":3}},"type":"if","locations":[{"start":{"line":66,"column":2},"end":{"line":68,"column":3}},{"start":{"line":66,"column":2},"end":{"line":68,"column":3}}],"line":66},"15":{"loc":{"start":{"line":69,"column":2},"end":{"line":73,"column":3}},"type":"if","locations":[{"start":{"line":69,"column":2},"end":{"line":73,"column":3}},{"start":{"line":69,"column":2},"end":{"line":73,"column":3}}],"line":69},"16":{"loc":{"start":{"line":77,"column":16},"end":{"line":77,"column":34}},"type":"cond-expr","locations":[{"start":{"line":77,"column":25},"end":{"line":77,"column":28}},{"start":{"line":77,"column":31},"end":{"line":77,"column":34}}],"line":77},"17":{"loc":{"start":{"line":81,"column":2},"end":{"line":85,"column":3}},"type":"if","locations":[{"start":{"line":81,"column":2},"end":{"line":85,"column":3}},{"start":{"line":81,"column":2},"end":{"line":85,"column":3}}],"line":81},"18":{"loc":{"start":{"line":81,"column":6},"end":{"line":81,"column":49}},"type":"binary-expr","locations":[{"start":{"line":81,"column":6},"end":{"line":81,"column":32}},{"start":{"line":81,"column":36},"end":{"line":81,"column":49}}],"line":81},"19":{"loc":{"start":{"line":83,"column":9},"end":{"line":85,"column":3}},"type":"if","locations":[{"start":{"line":83,"column":9},"end":{"line":85,"column":3}},{"start":{"line":83,"column":9},"end":{"line":85,"column":3}}],"line":83},"20":{"loc":{"start":{"line":83,"column":13},"end":{"line":83,"column":56}},"type":"binary-expr","locations":[{"start":{"line":83,"column":13},"end":{"line":83,"column":39}},{"start":{"line":83,"column":43},"end":{"line":83,"column":56}}],"line":83}},"s":{"0":2,"1":2,"2":4,"3":4,"4":4,"5":4,"6":0,"7":0,"8":0,"9":0,"10":0,"11":0,"12":0,"13":0,"14":0,"15":0,"16":0,"17":0,"18":0,"19":0,"20":0,"21":0,"22":0,"23":0,"24":0,"25":0,"26":0,"27":0,"28":0,"29":0,"30":0,"31":0,"32":0,"33":0,"34":0,"35":0,"36":0,"37":0,"38":0,"39":0,"40":0,"41":0,"42":0,"43":0,"44":0,"45":4,"46":4,"47":4,"48":4,"49":0,"50":4,"51":0,"52":4,"53":1,"54":2},"f":{"0":2,"1":4,"2":0,"3":0,"4":0,"5":0,"6":4,"7":2},"b":{"0":[0,4],"1":[4,0],"2":[0,0],"3":[0,0],"4":[0,0],"5":[0,0],"6":[0,0,0],"7":[0,0],"8":[0,0,0],"9":[0,0],"10":[0,0],"11":[0,0],"12":[0,0],"13":[0,0],"14":[0,0],"15":[0,0],"16":[0,4],"17":[0,4],"18":[4,0],"19":[0,4],"20":[4,0]},"_coverageSchema":"43e27e138ebf9cfc5966b082cf9a028302ed4184","hash":"7d40b6a83c6e8f96396aa2701898c5c6b173d7a4"}
}
