TN:
SF:/Users/heleneniassy/Documents/morpion/src/index.js
FN:1,generateBoard
FN:10,playAPawn
FN:18,winningHorizonal
FN:34,winningDiagonal
FN:41,winningVertical
FN:59,winningGame
FN:76,aiPlayAPawn
FN:83,(anonymous_7)
FNF:8
FNH:8
FNDA:2,generateBoard
FNDA:5,playAPawn
FNDA:3,winningHorizonal
FNDA:4,winningDiagonal
FNDA:4,winningVertical
FNDA:2,winningGame
FNDA:2,aiPlayAPawn
FNDA:2,(anonymous_7)
DA:2,2
DA:7,2
DA:12,5
DA:13,2
DA:15,5
DA:19,3
DA:21,3
DA:22,7
DA:23,7
DA:24,21
DA:25,9
DA:28,7
DA:29,1
DA:32,2
DA:35,4
DA:36,2
DA:37,2
DA:38,1
DA:43,4
DA:44,4
DA:45,10
DA:46,10
DA:47,3
DA:48,3
DA:49,3
DA:50,7
DA:51,6
DA:52,6
DA:54,1
DA:57,3
DA:60,2
DA:61,2
DA:62,2
DA:63,2
DA:64,0
DA:66,2
DA:67,0
DA:69,2
DA:70,1
DA:72,1
DA:77,2
DA:78,2
DA:79,2
DA:83,2
LF:44
LH:42
BRDA:12,0,0,2
BRDA:12,0,1,3
BRDA:24,1,0,9
BRDA:24,1,1,12
BRDA:28,2,0,1
BRDA:28,2,1,6
BRDA:35,3,0,2
BRDA:35,3,1,2
BRDA:35,4,0,4
BRDA:35,4,1,3
BRDA:35,4,2,3
BRDA:37,5,0,1
BRDA:37,5,1,1
BRDA:37,6,0,2
BRDA:37,6,1,1
BRDA:37,6,2,1
BRDA:46,7,0,3
BRDA:46,7,1,7
BRDA:46,8,0,10
BRDA:46,8,1,5
BRDA:50,9,0,6
BRDA:50,9,1,1
BRDA:50,10,0,7
BRDA:50,10,1,6
BRDA:63,11,0,0
BRDA:63,11,1,2
BRDA:66,12,0,0
BRDA:66,12,1,2
BRDA:69,13,0,1
BRDA:69,13,1,1
BRF:30
BRH:28
end_of_record
